Started by user Ali
Running as SYSTEM
[EnvInject] - Loading node environment variables.
Building in workspace /var/lib/jenkins/jobs/com.epam.indigo.knime.update-nightly/workspace
The recommended git tool is: NONE
using credential knime-github-credentials
Fetching changes from the remote Git repository
 > JGit fetch # timeout=10
Checking out Revision 086ca0b877d30f9c6dd15d3d3b630fb74b2e9e10 (origin/main)
Commit message: "Added jre feature group"
The recommended git tool is: NONE
No credentials specified
 > /usr/bin/git rev-parse --resolve-git-dir /var/lib/jenkins/jobs/com.epam.indigo.knime.update-nightly/workspace/nodes4knime/indigo/.git # timeout=10
Fetching changes from the remote Git repository
 > /usr/bin/git config remote.origin.url https://github.com/knime-community/Indigo # timeout=10
Fetching upstream changes from https://github.com/knime-community/Indigo
 > /usr/bin/git --version # timeout=10
 > git --version # 'git version 2.52.0'
 > /usr/bin/git fetch --tags --force --progress -- https://github.com/knime-community/Indigo +refs/heads/*:refs/remotes/origin/* # timeout=10
 > /usr/bin/git rev-parse origin/master^{commit} # timeout=10
Checking out Revision 4ff8e386c7dfe1355e34da13be80bb9fdbae8cb8 (origin/master)
 > /usr/bin/git config core.sparsecheckout # timeout=10
 > /usr/bin/git read-tree -mu HEAD # timeout=10
 > /usr/bin/git checkout -f 4ff8e386c7dfe1355e34da13be80bb9fdbae8cb8 # timeout=10
Commit message: "Update KNIME extension to Java 21 compatibility"
 > /usr/bin/git rev-list --no-walk 4ff8e386c7dfe1355e34da13be80bb9fdbae8cb8 # timeout=10
No emails were triggered.
[workspace] $ /bin/bash -xe /tmp/jenkins16147228433616360540.sh
+ BRANCH=com.epam.indigo.knime.update-nightly
+ KNIME_VERSION=nightly
+ cat
[EnvInject] - Injecting environment variables from a build step.
[EnvInject] - Injecting as environment variables the properties file path 'version.env'
[EnvInject] - Variables injected successfully.
[workspace] $ /var/lib/jenkins/tools/hudson.tasks.Maven_MavenInstallation/Maven_3.9.11/bin/mvn -f nodes4knime/indigo/utils/indigo-knime/pom.xml -Dknime.version=nightly -Dmaven.repo.local=/var/lib/jenkins/jobs/com.epam.indigo.knime.update-nightly/workspace/.repository clean verify
[INFO] Scanning for projects...
[INFO] Tycho Version:  4.0.13 (dbd40458ea67f56274c25d9d1fd7f2e5af8971b0)
[INFO] Tycho Mode:     extension
[INFO] Tycho Builder:  maven
[INFO] Build Threads:  1
[WARNING] The POM for commons-logging:commons-logging:jar:1.2 is invalid, transitive dependencies (if any) will not be available: 1 problem was encountered while building the effective model for commons-logging:commons-logging:1.2
[FATAL] Non-parseable POM /var/lib/jenkins/jobs/com.epam.indigo.knime.update-nightly/workspace/.repository/org/apache/commons/commons-parent/34/commons-parent-34.pom: UTF-8 BOM plus xml decl of ISO-8859-1 is incompatible (position: START_DOCUMENT seen <?xml version="1.0" encoding="ISO-8859-1"... @1:42)  @ /var/lib/jenkins/jobs/com.epam.indigo.knime.update-nightly/workspace/.repository/org/apache/commons/commons-parent/34/commons-parent-34.pom, line 1, column 42

[WARNING] The POM for commons-codec:commons-codec:jar:1.11 is invalid, transitive dependencies (if any) will not be available: 1 problem was encountered while building the effective model for commons-codec:commons-codec:1.11
[FATAL] Non-parseable POM /var/lib/jenkins/jobs/com.epam.indigo.knime.update-nightly/workspace/.repository/org/apache/commons/commons-parent/42/commons-parent-42.pom: UTF-8 BOM plus xml decl of ISO-8859-1 is incompatible (position: START_DOCUMENT seen <?xml version="1.0" encoding="ISO-8859-1"... @1:42)  @ /var/lib/jenkins/jobs/com.epam.indigo.knime.update-nightly/workspace/.repository/org/apache/commons/commons-parent/42/commons-parent-42.pom, line 1, column 42

[WARNING] The POM for commons-codec:commons-codec:jar:1.15 is invalid, transitive dependencies (if any) will not be available: 1 problem was encountered while building the effective model for commons-codec:commons-codec:1.15
[FATAL] Non-parseable POM /var/lib/jenkins/jobs/com.epam.indigo.knime.update-nightly/workspace/.repository/org/apache/commons/commons-parent/52/commons-parent-52.pom: UTF-8 BOM plus xml decl of ISO-8859-1 is incompatible (position: START_DOCUMENT seen <?xml version="1.0" encoding="ISO-8859-1"... @1:42)  @ /var/lib/jenkins/jobs/com.epam.indigo.knime.update-nightly/workspace/.repository/org/apache/commons/commons-parent/52/commons-parent-52.pom, line 1, column 42

[WARNING] The POM for jakarta.activation:jakarta.activation-api:jar:1.2.2 is invalid, transitive dependencies (if any) will not be available: 1 problem was encountered while building the effective model
[FATAL] Non-parseable POM /var/lib/jenkins/jobs/com.epam.indigo.knime.update-nightly/workspace/.repository/jakarta/activation/jakarta.activation-api/1.2.2/jakarta.activation-api-1.2.2.pom: UTF-8 BOM plus xml decl of iso-8859-1 is incompatible (position: START_DOCUMENT seen <?xml version="1.0" encoding="iso-8859-1"... @1:42)  @ line 1, column 42

[INFO] Downloading from central: https://repo.maven.apache.org/maven2/org/apache/maven/plugins/maven-install-plugin/3.1.2/maven-install-plugin-3.1.2.pom
[INFO] Downloaded from central: https://repo.maven.apache.org/maven2/org/apache/maven/plugins/maven-install-plugin/3.1.2/maven-install-plugin-3.1.2.pom (8.5 kB at 6.2 kB/s)
[INFO] Downloading from central: https://repo.maven.apache.org/maven2/org/apache/maven/plugins/maven-plugins/42/maven-plugins-42.pom
[INFO] Downloaded from central: https://repo.maven.apache.org/maven2/org/apache/maven/plugins/maven-plugins/42/maven-plugins-42.pom (7.7 kB at 384 kB/s)
[INFO] Downloading from central: https://repo.maven.apache.org/maven2/org/apache/maven/plugins/maven-install-plugin/3.1.2/maven-install-plugin-3.1.2.jar
[INFO] Downloaded from central: https://repo.maven.apache.org/maven2/org/apache/maven/plugins/maven-install-plugin/3.1.2/maven-install-plugin-3.1.2.jar (32 kB at 899 kB/s)
[INFO] Downloading from central: https://repo.maven.apache.org/maven2/org/apache/maven/plugins/maven-deploy-plugin/3.1.2/maven-deploy-plugin-3.1.2.pom
[INFO] Downloaded from central: https://repo.maven.apache.org/maven2/org/apache/maven/plugins/maven-deploy-plugin/3.1.2/maven-deploy-plugin-3.1.2.pom (9.6 kB at 564 kB/s)
[INFO] Downloading from central: https://repo.maven.apache.org/maven2/org/apache/maven/plugins/maven-deploy-plugin/3.1.2/maven-deploy-plugin-3.1.2.jar
[INFO] Downloaded from central: https://repo.maven.apache.org/maven2/org/apache/maven/plugins/maven-deploy-plugin/3.1.2/maven-deploy-plugin-3.1.2.jar (40 kB at 2.2 MB/s)
[INFO] ------------------------------------------------------------------------
[INFO] Reactor Build Order:
[INFO] 
[INFO] Jar fetcher for Indigo extensions                                  [pom]
[INFO] indigo-knime                                                       [pom]
[INFO] [bundle] Indigo extensions for KNIME Workbench          [eclipse-plugin]
[INFO] [feature] Indigo KNIME integration                     [eclipse-feature]
[INFO] [updatesite] com.epam.indigo.knime.update.eclipse-repository [eclipse-repository]
[INFO] 
[INFO] ------------------< com.epam.indigo.knime:fetch_jars >------------------
[INFO] Building Jar fetcher for Indigo extensions 1.0.0                   [1/5]
[INFO]   from com.epam.indigo.knime.plugin/lib/fetch_jars/pom.xml
[INFO] --------------------------------[ pom ]---------------------------------
[INFO] 
[INFO] --- clean:3.2.0:clean (default-clean) @ fetch_jars ---
[WARNING] The POM for commons-io:commons-io:jar:2.6 is invalid, transitive dependencies (if any) will not be available: 1 problem was encountered while building the effective model for commons-io:commons-io:2.6
[FATAL] Non-parseable POM /var/lib/jenkins/jobs/com.epam.indigo.knime.update-nightly/workspace/.repository/org/apache/commons/commons-parent/42/commons-parent-42.pom: UTF-8 BOM plus xml decl of ISO-8859-1 is incompatible (position: START_DOCUMENT seen <?xml version="1.0" encoding="ISO-8859-1"... @1:42)  @ /var/lib/jenkins/jobs/com.epam.indigo.knime.update-nightly/workspace/.repository/org/apache/commons/commons-parent/42/commons-parent-42.pom, line 1, column 42

[INFO] 
[INFO] --- dependency:3.1.1:copy-dependencies (copy-jars) @ fetch_jars ---
[WARNING] The POM for commons-logging:commons-logging:jar:1.1.1 is invalid, transitive dependencies (if any) will not be available: 1 problem was encountered while building the effective model for commons-logging:commons-logging:1.1.1
[FATAL] Non-parseable POM /var/lib/jenkins/jobs/com.epam.indigo.knime.update-nightly/workspace/.repository/org/apache/commons/commons-parent/5/commons-parent-5.pom: UTF-8 BOM plus xml decl of ISO-8859-1 is incompatible (position: START_DOCUMENT seen <?xml version="1.0" encoding="ISO-8859-1"... @1:42)  @ /var/lib/jenkins/jobs/com.epam.indigo.knime.update-nightly/workspace/.repository/org/apache/commons/commons-parent/5/commons-parent-5.pom, line 1, column 42

[WARNING] The POM for commons-io:commons-io:jar:2.5 is invalid, transitive dependencies (if any) will not be available: 1 problem was encountered while building the effective model for commons-io:commons-io:2.5
[FATAL] Non-parseable POM /var/lib/jenkins/jobs/com.epam.indigo.knime.update-nightly/workspace/.repository/org/apache/commons/commons-parent/39/commons-parent-39.pom: UTF-8 BOM plus xml decl of ISO-8859-1 is incompatible (position: START_DOCUMENT seen <?xml version="1.0" encoding="ISO-8859-1"... @1:42)  @ /var/lib/jenkins/jobs/com.epam.indigo.knime.update-nightly/workspace/.repository/org/apache/commons/commons-parent/39/commons-parent-39.pom, line 1, column 42

[WARNING] The POM for org.apache.commons:commons-compress:jar:1.16.1 is invalid, transitive dependencies (if any) will not be available: 1 problem was encountered while building the effective model for org.apache.commons:commons-compress:1.16.1
[FATAL] Non-parseable POM /var/lib/jenkins/jobs/com.epam.indigo.knime.update-nightly/workspace/.repository/org/apache/commons/commons-parent/43/commons-parent-43.pom: UTF-8 BOM plus xml decl of ISO-8859-1 is incompatible (position: START_DOCUMENT seen <?xml version="1.0" encoding="ISO-8859-1"... @1:42)  @ /var/lib/jenkins/jobs/com.epam.indigo.knime.update-nightly/workspace/.repository/org/apache/commons/commons-parent/43/commons-parent-43.pom, line 1, column 42

[WARNING] The POM for commons-io:commons-io:jar:2.4 is invalid, transitive dependencies (if any) will not be available: 1 problem was encountered while building the effective model for commons-io:commons-io:2.4
[FATAL] Non-parseable POM /var/lib/jenkins/jobs/com.epam.indigo.knime.update-nightly/workspace/.repository/org/apache/commons/commons-parent/25/commons-parent-25.pom: UTF-8 BOM plus xml decl of ISO-8859-1 is incompatible (position: START_DOCUMENT seen <?xml version="1.0" encoding="ISO-8859-1"... @1:42)  @ /var/lib/jenkins/jobs/com.epam.indigo.knime.update-nightly/workspace/.repository/org/apache/commons/commons-parent/25/commons-parent-25.pom, line 1, column 42

[WARNING] The POM for commons-codec:commons-codec:jar:1.6 is invalid, transitive dependencies (if any) will not be available: 1 problem was encountered while building the effective model for commons-codec:commons-codec:1.6
[FATAL] Non-parseable POM /var/lib/jenkins/jobs/com.epam.indigo.knime.update-nightly/workspace/.repository/org/apache/commons/commons-parent/22/commons-parent-22.pom: UTF-8 BOM plus xml decl of ISO-8859-1 is incompatible (position: START_DOCUMENT seen <?xml version="1.0" encoding="ISO-8859-1"... @1:42)  @ /var/lib/jenkins/jobs/com.epam.indigo.knime.update-nightly/workspace/.repository/org/apache/commons/commons-parent/22/commons-parent-22.pom, line 1, column 42

[WARNING] The POM for commons-lang:commons-lang:jar:2.6 is invalid, transitive dependencies (if any) will not be available: 1 problem was encountered while building the effective model for commons-lang:commons-lang:2.6
[FATAL] Non-parseable POM /var/lib/jenkins/jobs/com.epam.indigo.knime.update-nightly/workspace/.repository/org/apache/commons/commons-parent/17/commons-parent-17.pom: UTF-8 BOM plus xml decl of ISO-8859-1 is incompatible (position: START_DOCUMENT seen <?xml version="1.0" encoding="ISO-8859-1"... @1:42)  @ /var/lib/jenkins/jobs/com.epam.indigo.knime.update-nightly/workspace/.repository/org/apache/commons/commons-parent/17/commons-parent-17.pom, line 1, column 42

[WARNING] The POM for commons-collections:commons-collections:jar:3.2.2 is invalid, transitive dependencies (if any) will not be available: 1 problem was encountered while building the effective model for commons-collections:commons-collections:3.2.2
[FATAL] Non-parseable POM /var/lib/jenkins/jobs/com.epam.indigo.knime.update-nightly/workspace/.repository/org/apache/commons/commons-parent/39/commons-parent-39.pom: UTF-8 BOM plus xml decl of ISO-8859-1 is incompatible (position: START_DOCUMENT seen <?xml version="1.0" encoding="ISO-8859-1"... @1:42)  @ /var/lib/jenkins/jobs/com.epam.indigo.knime.update-nightly/workspace/.repository/org/apache/commons/commons-parent/39/commons-parent-39.pom, line 1, column 42

[INFO] net.java.dev.jna:jna:jar:3.5.0 already exists in destination.
[INFO] com.epam.indigo:indigo:jar:1.3.0beta.r16 already exists in destination.
[INFO] com.epam.indigo:indigo-renderer:jar:1.3.0beta.r16 already exists in destination.
[INFO] com.epam.indigo:indigo-inchi:jar:1.3.0beta.r16 already exists in destination.
[INFO] 
[INFO] -----------------< org.epam.indigo.knime:indigo-knime >-----------------
[INFO] Building indigo-knime 1.0.0-SNAPSHOT                               [2/5]
[INFO]   from pom.xml
[INFO] --------------------------------[ pom ]---------------------------------
[INFO] 
[INFO] --- clean:3.2.0:clean (default-clean) @ indigo-knime ---
[INFO] 
[INFO] --- tycho-source:4.0.13:plugin-source (plugin-source) @ indigo-knime ---
[INFO] 
[INFO] --- tycho-source:4.0.13:feature-source (feature-source) @ indigo-knime ---
[INFO] 
[INFO] --- tycho-p2-plugin:4.0.13:p2-metadata (attach-p2-metadata) @ indigo-knime ---
[INFO] 
[INFO] ---------< org.epam.indigo.knime:com.epam.indigo.knime.plugin >---------
[INFO] Building [bundle] Indigo extensions for KNIME Workbench 2.1.0-SNAPSHOT [3/5]
[INFO]   from com.epam.indigo.knime.plugin/.polyglot.META-INF
[INFO] ---------------------------[ eclipse-plugin ]---------------------------
[INFO] ### Using TychoRepositoryTransport for remote P2 access ###
[INFO]     Cache location:         /var/lib/jenkins/jobs/com.epam.indigo.knime.update-nightly/workspace/.repository/.cache/tycho
[INFO]     Transport mode:         online
[INFO]     Http Transport type:    Java11Client
[INFO]     Update mode:            cache first
[INFO]     Minimum cache duration: 60 minutes
[INFO]       (you can configure this with -Dtycho.p2.transport.min-cache-minutes=<desired minimum cache duration>)
[INFO] Adding repository https://update.knime.com/analytics-platform/nightly
[INFO] 
[INFO] --- clean:3.2.0:clean (default-clean) @ com.epam.indigo.knime.plugin ---
[INFO] 
[INFO] --- tycho-packaging:4.0.13:build-qualifier (default-build-qualifier) @ com.epam.indigo.knime.plugin ---
[WARNING] Working tree is dirty.
git status utils/indigo-knime/com.epam.indigo.knime.plugin:

Untracked files:
	utils/indigo-knime/com.epam.indigo.knime.plugin/lib/indigo-inchi-1.3.0beta.r16.jar
	utils/indigo-knime/com.epam.indigo.knime.plugin/lib/jna-3.5.0.jar
	utils/indigo-knime/com.epam.indigo.knime.plugin/lib/indigo-1.3.0beta.r16.jar
	utils/indigo-knime/com.epam.indigo.knime.plugin/com.epam.indigo.knime.jar
	utils/indigo-knime/com.epam.indigo.knime.plugin/lib/indigo-renderer-1.3.0beta.r16.jar

[WARNING] Fallback to default timestamp provider
[INFO] The project's OSGi version is 2.1.0.v202605291024
[INFO] 
[INFO] --- tycho-packaging:4.0.13:validate-id (default-validate-id) @ com.epam.indigo.knime.plugin ---
[INFO] 
[INFO] --- tycho-packaging:4.0.13:validate-version (default-validate-version) @ com.epam.indigo.knime.plugin ---
[INFO] 
[INFO] --- target-platform-configuration:4.0.13:target-platform (default-target-platform) @ com.epam.indigo.knime.plugin ---
[INFO] 
[INFO] --- tycho-compiler:4.0.13:validate-classpath (default-validate-classpath) @ com.epam.indigo.knime.plugin ---
[INFO] Resolving class path of [bundle] Indigo extensions for KNIME Workbench
[INFO] 
[INFO] --- resources:3.3.1:resources (default-resources) @ com.epam.indigo.knime.plugin ---
[WARNING] The POM for commons-io:commons-io:jar:2.11.0 is invalid, transitive dependencies (if any) will not be available: 1 problem was encountered while building the effective model for commons-io:commons-io:2.11.0
[FATAL] Non-parseable POM /var/lib/jenkins/jobs/com.epam.indigo.knime.update-nightly/workspace/.repository/org/apache/commons/commons-parent/52/commons-parent-52.pom: UTF-8 BOM plus xml decl of ISO-8859-1 is incompatible (position: START_DOCUMENT seen <?xml version="1.0" encoding="ISO-8859-1"... @1:42)  @ /var/lib/jenkins/jobs/com.epam.indigo.knime.update-nightly/workspace/.repository/org/apache/commons/commons-parent/52/commons-parent-52.pom, line 1, column 42

[WARNING] The POM for org.apache.commons:commons-lang3:jar:3.12.0 is invalid, transitive dependencies (if any) will not be available: 1 problem was encountered while building the effective model for org.apache.commons:commons-lang3:3.12.0
[FATAL] Non-parseable POM /var/lib/jenkins/jobs/com.epam.indigo.knime.update-nightly/workspace/.repository/org/apache/commons/commons-parent/52/commons-parent-52.pom: UTF-8 BOM plus xml decl of ISO-8859-1 is incompatible (position: START_DOCUMENT seen <?xml version="1.0" encoding="ISO-8859-1"... @1:42)  @ /var/lib/jenkins/jobs/com.epam.indigo.knime.update-nightly/workspace/.repository/org/apache/commons/commons-parent/52/commons-parent-52.pom, line 1, column 42

[INFO] skip non existing resourceDirectory /var/lib/jenkins/jobs/com.epam.indigo.knime.update-nightly/workspace/nodes4knime/indigo/utils/indigo-knime/com.epam.indigo.knime.plugin/src/main/resources
[INFO] 
[INFO] --- tycho-compiler:4.0.13:compile (default-compile) @ com.epam.indigo.knime.plugin ---
[INFO] ------------------------------------------------------------------------
[INFO] Reactor Summary:
[INFO] 
[INFO] Jar fetcher for Indigo extensions 1.0.0 ............ SUCCESS [  3.898 s]
[INFO] indigo-knime 1.0.0-SNAPSHOT ........................ SUCCESS [  0.032 s]
[INFO] [bundle] Indigo extensions for KNIME Workbench 2.1.0-SNAPSHOT FAILURE [01:13 min]
[INFO] [feature] Indigo KNIME integration 2.0.0-SNAPSHOT .. SKIPPED
[INFO] [updatesite] com.epam.indigo.knime.update.eclipse-repository 1.0.0-SNAPSHOT SKIPPED
[INFO] ------------------------------------------------------------------------
[INFO] BUILD FAILURE
[INFO] ------------------------------------------------------------------------
[INFO] Total time:  01:57 min
[INFO] Finished at: 2026-05-29T12:26:38+02:00
[INFO] ------------------------------------------------------------------------
[ERROR] Failed to execute goal org.eclipse.tycho:tycho-compiler-plugin:4.0.13:compile (default-compile) on project com.epam.indigo.knime.plugin: Execution default-compile of goal org.eclipse.tycho:tycho-compiler-plugin:4.0.13:compile failed: Unknown OSGi execution environment: 'JavaSE-21' -> [Help 1]
[ERROR] 
[ERROR] To see the full stack trace of the errors, re-run Maven with the -e switch.
[ERROR] Re-run Maven using the -X switch to enable full debug logging.
[ERROR] 
[ERROR] For more information about the errors and possible solutions, please read the following articles:
[ERROR] [Help 1] http://cwiki.apache.org/confluence/display/MAVEN/PluginExecutionException
[ERROR] 
[ERROR] After correcting the problems, you can resume the build with the command
[ERROR]   mvn <args> -rf :com.epam.indigo.knime.plugin
Build step 'Invoke top-level Maven targets' marked build as failure
Archiving artifacts
Recording test results
[Checks API] No suitable checks publisher found.
Collecting Dependency-Check artifact
Parsing file /var/lib/jenkins/jobs/com.epam.indigo.knime.update-nightly/workspace/dependency-check-report.xml
Started calculate disk usage of build
Finished Calculation of disk usage of build in 0 seconds
Started calculate disk usage of workspace
Finished Calculation of disk usage of workspace in 0 seconds
Email was triggered for: Failure - Any
Sending email for trigger: Failure - Any
Request made to compress build log
Not sending mail to user (id: noreply, email: noreply@github.com) with no permission to view com.epam.indigo.knime.update-nightly #13Not sending mail to user (id: roman.porozhnetov, email: roman.porozhnetov@gmail.com) with no permission to view com.epam.indigo.knime.update-nightly #13Not sending mail to user (id: Ali.Marvi, email: Ali.Marvi@knime163.kn.knime.com) with no permission to view com.epam.indigo.knime.update-nightly #13Sending email to: thorsten.meinl@knime.com lifescience.opensource@epam.com

